\BOOKMARK [0][-]{chapter.1}{\376\377\000D\000o\000c\000u\000m\000e\000n\000t\000a\000c\000i\000\363\000n\000\040\000P\000r\000\341\000c\000t\000i\000c\000a}{}% 1
\BOOKMARK [1][-]{section.1.1}{\376\377\000I\000n\000t\000r\000o\000d\000u\000c\000c\000i\000\363\000n}{chapter.1}% 2
\BOOKMARK [1][-]{section.1.2}{\376\377\000C\000o\000n\000j\000u\000n\000t\000o\000\040\000d\000e\000\040\000D\000a\000t\000o\000s\000\040\000d\000e\000\040\000M\000e\000t\000e\000o\000r\000i\000t\000o\000s}{chapter.1}% 3
\BOOKMARK [2][-]{subsection.1.2.1}{\376\377\000M\000e\000t\000e\000o\000r\000i\000t\000o}{section.1.2}% 4
\BOOKMARK [1][-]{section.1.3}{\376\377\000D\000i\000c\000c\000i\000o\000n\000a\000r\000i\000o}{chapter.1}% 5
\BOOKMARK [1][-]{section.1.4}{\376\377\000`\000\250\000S\000e\000\040\000E\000n\000t\000r\000e\000g\000a\000\040\000/\000\040\000S\000e\000\040\000P\000i\000d\000e\000`\000\250}{chapter.1}% 6
\BOOKMARK [2][-]{subsection.1.4.1}{\376\377\000S\000e\000\040\000e\000n\000t\000r\000e\000g\000a}{section.1.4}% 7
\BOOKMARK [2][-]{subsection.1.4.2}{\376\377\000S\000e\000\040\000P\000i\000d\000e}{section.1.4}% 8
\BOOKMARK [1][-]{section.1.5}{\376\377\000F\000e\000c\000h\000a\000\040\000L\000\355\000m\000i\000t\000e\000\040\000d\000e\000\040\000E\000n\000t\000r\000e\000g\000a\000:\000\040\000M\000a\000r\000t\000e\000s\000\040\0002\0008\000\040\000d\000e\000\040\000O\000c\000t\000u\000b\000r\000e\000\040\000a\000\040\000l\000a\000s\000\040\0002\0003\000:\0005\0009\000\040\000h\000o\000r\000a\000s\000.}{chapter.1}% 9
\BOOKMARK [1][-]{section.1.6}{\376\377\000R\000e\000p\000r\000e\000s\000e\000n\000t\000a\000c\000i\000o\000n\000e\000s}{chapter.1}% 10
\BOOKMARK [1][-]{section.1.7}{\376\377\000P\000r\000i\000m\000e\000r\000a\000\040\000R\000e\000p\000r\000e\000s\000e\000n\000t\000a\000c\000i\000\363\000n\000:}{chapter.1}% 11
\BOOKMARK [2][-]{subsection.1.7.1}{\376\377\000F\000u\000n\000c\000i\000\363\000n\000\040\000d\000e\000\040\000A\000b\000s\000t\000r\000a\000c\000c\000i\000\363\000n\000\040\000:}{section.1.7}% 12
\BOOKMARK [2][-]{subsection.1.7.2}{\376\377\000I\000n\000v\000a\000r\000i\000a\000n\000t\000e\000\040\000d\000e\000\040\000l\000a\000\040\000R\000e\000p\000r\000e\000s\000e\000n\000t\000a\000c\000i\000\363\000n\000:}{section.1.7}% 13
\BOOKMARK [1][-]{section.1.8}{\376\377\000S\000e\000g\000u\000n\000d\000a\000\040\000R\000e\000p\000r\000e\000s\000e\000n\000t\000a\000c\000i\000\363\000n\000:}{chapter.1}% 14
\BOOKMARK [2][-]{subsection.1.8.1}{\376\377\000F\000u\000n\000c\000i\000\363\000n\000\040\000d\000e\000\040\000A\000b\000s\000t\000r\000a\000c\000c\000i\000\363\000n\000\040\000:}{section.1.8}% 15
\BOOKMARK [2][-]{subsection.1.8.2}{\376\377\000I\000n\000v\000a\000r\000i\000a\000n\000t\000e\000\040\000d\000e\000\040\000l\000a\000\040\000R\000e\000p\000r\000e\000s\000e\000n\000t\000a\000c\000i\000\363\000n\000:}{section.1.8}% 16
\BOOKMARK [0][-]{chapter.2}{\376\377\000L\000i\000s\000t\000a\000\040\000d\000e\000\040\000t\000a\000r\000e\000a\000s\000\040\000p\000e\000n\000d\000i\000e\000n\000t\000e\000s}{}% 17
\BOOKMARK [0][-]{chapter.3}{\376\377\000\315\000n\000d\000i\000c\000e\000\040\000d\000e\000\040\000c\000l\000a\000s\000e\000s}{}% 18
\BOOKMARK [1][-]{section.3.1}{\376\377\000L\000i\000s\000t\000a\000\040\000d\000e\000\040\000c\000l\000a\000s\000e\000s}{chapter.3}% 19
\BOOKMARK [0][-]{chapter.4}{\376\377\000D\000o\000c\000u\000m\000e\000n\000t\000a\000c\000i\000\363\000n\000\040\000d\000e\000\040\000l\000a\000s\000\040\000c\000l\000a\000s\000e\000s}{}% 20
\BOOKMARK [1][-]{section.4.1}{\376\377\000R\000e\000f\000e\000r\000e\000n\000c\000i\000a\000\040\000d\000e\000\040\000l\000a\000\040\000C\000l\000a\000s\000e\000\040\000d\000e\000f\000M}{chapter.4}% 21
\BOOKMARK [1][-]{section.4.2}{\376\377\000R\000e\000f\000e\000r\000e\000n\000c\000i\000a\000\040\000d\000e\000\040\000l\000a\000\040\000C\000l\000a\000s\000e\000\040\000d\000i\000c\000c\000i\000o\000n\000a\000r\000i\000o}{chapter.4}% 22
\BOOKMARK [2][-]{subsection.4.2.1}{\376\377\000D\000e\000s\000c\000r\000i\000p\000c\000i\000\363\000n\000\040\000d\000e\000t\000a\000l\000l\000a\000d\000a}{section.4.2}% 23
\BOOKMARK [2][-]{subsection.4.2.2}{\376\377\000D\000o\000c\000u\000m\000e\000n\000t\000a\000c\000i\000\363\000n\000\040\000d\000e\000l\000\040\000c\000o\000n\000s\000t\000r\000u\000c\000t\000o\000r\000\040\000y\000\040\000d\000e\000s\000t\000r\000u\000c\000t\000o\000r}{section.4.2}% 24
\BOOKMARK [3][-]{subsubsection.4.2.2.1}{\376\377\000d\000i\000c\000c\000i\000o\000n\000a\000r\000i\000o}{subsection.4.2.2}% 25
\BOOKMARK [3][-]{subsubsection.4.2.2.2}{\376\377\000d\000i\000c\000c\000i\000o\000n\000a\000r\000i\000o}{subsection.4.2.2}% 26
\BOOKMARK [2][-]{subsection.4.2.3}{\376\377\000D\000o\000c\000u\000m\000e\000n\000t\000a\000c\000i\000\363\000n\000\040\000d\000e\000\040\000l\000a\000s\000\040\000f\000u\000n\000c\000i\000o\000n\000e\000s\000\040\000m\000i\000e\000m\000b\000r\000o}{section.4.2}% 27
\BOOKMARK [3][-]{subsubsection.4.2.3.1}{\376\377\000c\000h\000e\000q\000\137\000r\000e\000p}{subsection.4.2.3}% 28
\BOOKMARK [3][-]{subsubsection.4.2.3.2}{\376\377\000e\000m\000p\000t\000y}{subsection.4.2.3}% 29
\BOOKMARK [3][-]{subsubsection.4.2.3.3}{\376\377\000f\000i\000n\000d}{subsection.4.2.3}% 30
\BOOKMARK [3][-]{subsubsection.4.2.3.4}{\376\377\000i\000n\000s\000e\000r\000t}{subsection.4.2.3}% 31
\BOOKMARK [3][-]{subsubsection.4.2.3.5}{\376\377\000o\000p\000e\000r\000a\000t\000o\000r\000=}{subsection.4.2.3}% 32
\BOOKMARK [3][-]{subsubsection.4.2.3.6}{\376\377\000o\000p\000e\000r\000a\000t\000o\000r\000[\000]}{subsection.4.2.3}% 33
\BOOKMARK [3][-]{subsubsection.4.2.3.7}{\376\377\000o\000p\000e\000r\000a\000t\000o\000r\000[\000]}{subsection.4.2.3}% 34
\BOOKMARK [3][-]{subsubsection.4.2.3.8}{\376\377\000s\000i\000z\000e}{subsection.4.2.3}% 35
\BOOKMARK [2][-]{subsection.4.2.4}{\376\377\000D\000o\000c\000u\000m\000e\000n\000t\000a\000c\000i\000\363\000n\000\040\000d\000e\000\040\000l\000a\000s\000\040\000f\000u\000n\000c\000i\000o\000n\000e\000s\000\040\000r\000e\000l\000a\000c\000i\000o\000n\000a\000d\000a\000s\000\040\000y\000\040\000c\000l\000a\000s\000e\000s\000\040\000a\000m\000i\000g\000a\000s}{section.4.2}% 36
\BOOKMARK [3][-]{subsubsection.4.2.4.1}{\376\377\000o\000p\000e\000r\000a\000t\000o\000r\000<\000<}{subsection.4.2.4}% 37
